!SESSION 2019-11-13 22:33:06.510 -----------------------------------------------
eclipse.buildId=4.7.3.M20180330-0640
java.version=1.8.0_211
java.vendor=Oracle Corporation
BootLoader constants: OS=win32, ARCH=x86_64, WS=win32, NL=en_US
Framework arguments:  -product org.eclipse.epp.package.jee.product -product org.eclipse.epp.package.jee.product
Command-line arguments:  -os win32 -ws win32 -arch x86_64 -product org.eclipse.epp.package.jee.product -data C:\Users\Keval\Desktop\Submissions_HW6\SSDIProject -product org.eclipse.epp.package.jee.product

!ENTRY org.eclipse.egit.ui 2 0 2019-11-13 22:33:43.863
!MESSAGE Warning: The environment variable HOME is not set. The following directory will be used to store the Git
user global configuration and to define the default location to store repositories: 'C:\Users\Keval'. If this is
not correct please set the HOME environment variable and restart Eclipse. Otherwise Git for Windows and
EGit might behave differently since they see different configuration options.
This warning can be switched off on the Team > Git > Confirmations and Warnings preference page.

!ENTRY com.amazonaws.eclipse.core 1 0 2019-11-13 22:33:44.861
!MESSAGE Starting the AWS toolkit core plugin...

!ENTRY com.amazonaws.eclipse.core 1 0 2019-11-13 22:33:47.595
!MESSAGE No profile found: default

!ENTRY com.amazonaws.eclipse.core 1 0 2019-11-13 22:33:47.989
!MESSAGE Monitoring content of C:\Users\Keval\.aws\credentials

!ENTRY com.amazonaws.eclipse.core 1 0 2019-11-13 22:33:49.081
!MESSAGE AWS toolkit core plugin initialized after 4224 milliseconds.

!ENTRY com.amazonaws.eclipse.core 1 0 2019-11-13 22:33:49.356
!MESSAGE The current accountId is not found in the system. Switching to the default account.

!ENTRY com.amazonaws.eclipse.core 1 0 2019-11-13 22:33:50.548
!MESSAGE Initialized a new Cognito identity us-east-1:a718bedb-d5da-441f-adac-2cc39bd0dfd0

!ENTRY org.eclipse.epp.logging.aeri.ide 2 17 2019-11-13 22:33:53.196
!MESSAGE Server ‘org.eclipse.epp.logging.aeri.ide.server’ failed with exception: java.lang.IllegalStateException: Expected BEGIN_OBJECT but was STRING at line 1 column 1 path $. ; version: 2.0.7.v20170906-1327
!STACK 0
com.google.gson.JsonSyntaxException: java.lang.IllegalStateException: Expected BEGIN_OBJECT but was STRING at line 1 column 1 path $
	at com.google.gson.internal.bind.ReflectiveTypeAdapterFactory$Adapter.read(ReflectiveTypeAdapterFactory.java:224)
	at com.google.gson.Gson.fromJson(Gson.java:887)
	at com.google.gson.Gson.fromJson(Gson.java:852)
	at com.google.gson.Gson.fromJson(Gson.java:801)
	at org.eclipse.epp.internal.logging.aeri.ide.server.json.Json.deserialize(Json.java:91)
	at org.eclipse.epp.internal.logging.aeri.ide.server.mars.IO.refreshConfiguration(IO.java:66)
	at org.eclipse.epp.internal.logging.aeri.ide.server.mars.ServerConnection.startUp(ServerConnection.java:124)
	at com.google.common.util.concurrent.AbstractIdleService$DelegateService$1.run(AbstractIdleService.java:62)
	at com.google.common.util.concurrent.Callables$4.run(Callables.java:122)
	at java.lang.Thread.run(Unknown Source)
Caused by: java.lang.IllegalStateException: Expected BEGIN_OBJECT but was STRING at line 1 column 1 path $
	at com.google.gson.stream.JsonReader.beginObject(JsonReader.java:385)
	at com.google.gson.internal.bind.ReflectiveTypeAdapterFactory$Adapter.read(ReflectiveTypeAdapterFactory.java:213)
	... 9 more
!SESSION 2019-11-20 21:59:25.520 -----------------------------------------------
eclipse.buildId=4.7.3.M20180330-0640
java.version=1.8.0_211
java.vendor=Oracle Corporation
BootLoader constants: OS=win32, ARCH=x86_64, WS=win32, NL=en_US
Framework arguments:  -product org.eclipse.epp.package.jee.product
Command-line arguments:  -os win32 -ws win32 -arch x86_64 -product org.eclipse.epp.package.jee.product

!ENTRY com.amazonaws.eclipse.core 1 0 2019-11-20 22:00:58.408
!MESSAGE Starting the AWS toolkit core plugin...

!ENTRY org.eclipse.egit.ui 2 0 2019-11-20 22:00:59.416
!MESSAGE Warning: The environment variable HOME is not set. The following directory will be used to store the Git
user global configuration and to define the default location to store repositories: 'C:\Users\Keval'. If this is
not correct please set the HOME environment variable and restart Eclipse. Otherwise Git for Windows and
EGit might behave differently since they see different configuration options.
This warning can be switched off on the Team > Git > Confirmations and Warnings preference page.

!ENTRY com.amazonaws.eclipse.core 1 0 2019-11-20 22:01:01.793
!MESSAGE Monitoring content of C:\Users\Keval\.aws\credentials

!ENTRY com.amazonaws.eclipse.core 1 0 2019-11-20 22:01:03.804
!MESSAGE AWS toolkit core plugin initialized after 5397 milliseconds.

!ENTRY com.amazonaws.eclipse.core 1 0 2019-11-20 22:01:05.024
!MESSAGE Found valid identity id cache us-east-1:a718bedb-d5da-441f-adac-2cc39bd0dfd0

!ENTRY org.eclipse.epp.logging.aeri.ide 2 17 2019-11-20 22:01:07.717
!MESSAGE Server ‘org.eclipse.epp.logging.aeri.ide.server’ failed with exception: java.lang.IllegalStateException: Expected BEGIN_OBJECT but was STRING at line 1 column 1 path $. ; version: 2.0.7.v20170906-1327
!STACK 0
com.google.gson.JsonSyntaxException: java.lang.IllegalStateException: Expected BEGIN_OBJECT but was STRING at line 1 column 1 path $
	at com.google.gson.internal.bind.ReflectiveTypeAdapterFactory$Adapter.read(ReflectiveTypeAdapterFactory.java:224)
	at com.google.gson.Gson.fromJson(Gson.java:887)
	at com.google.gson.Gson.fromJson(Gson.java:852)
	at com.google.gson.Gson.fromJson(Gson.java:801)
	at org.eclipse.epp.internal.logging.aeri.ide.server.json.Json.deserialize(Json.java:91)
	at org.eclipse.epp.internal.logging.aeri.ide.server.mars.IO.refreshConfiguration(IO.java:66)
	at org.eclipse.epp.internal.logging.aeri.ide.server.mars.ServerConnection.startUp(ServerConnection.java:124)
	at com.google.common.util.concurrent.AbstractIdleService$DelegateService$1.run(AbstractIdleService.java:62)
	at com.google.common.util.concurrent.Callables$4.run(Callables.java:122)
	at java.lang.Thread.run(Unknown Source)
Caused by: java.lang.IllegalStateException: Expected BEGIN_OBJECT but was STRING at line 1 column 1 path $
	at com.google.gson.stream.JsonReader.beginObject(JsonReader.java:385)
	at com.google.gson.internal.bind.ReflectiveTypeAdapterFactory$Adapter.read(ReflectiveTypeAdapterFactory.java:213)
	... 9 more
!SESSION 2019-11-22 10:34:47.790 -----------------------------------------------
eclipse.buildId=4.7.3.M20180330-0640
java.version=1.8.0_211
java.vendor=Oracle Corporation
BootLoader constants: OS=win32, ARCH=x86_64, WS=win32, NL=en_US
Framework arguments:  -product org.eclipse.epp.package.jee.product
Command-line arguments:  -os win32 -ws win32 -arch x86_64 -product org.eclipse.epp.package.jee.product

!ENTRY com.amazonaws.eclipse.core 1 0 2019-11-22 10:35:28.536
!MESSAGE Starting the AWS toolkit core plugin...

!ENTRY org.eclipse.egit.ui 2 0 2019-11-22 10:35:29.271
!MESSAGE Warning: The environment variable HOME is not set. The following directory will be used to store the Git
user global configuration and to define the default location to store repositories: 'C:\Users\Keval'. If this is
not correct please set the HOME environment variable and restart Eclipse. Otherwise Git for Windows and
EGit might behave differently since they see different configuration options.
This warning can be switched off on the Team > Git > Confirmations and Warnings preference page.

!ENTRY com.amazonaws.eclipse.core 1 0 2019-11-22 10:35:31.371
!MESSAGE Monitoring content of C:\Users\Keval\.aws\credentials

!ENTRY com.amazonaws.eclipse.core 1 0 2019-11-22 10:35:32.819
!MESSAGE AWS toolkit core plugin initialized after 4268 milliseconds.

!ENTRY com.amazonaws.eclipse.core 1 0 2019-11-22 10:35:34.309
!MESSAGE Found valid identity id cache us-east-1:a718bedb-d5da-441f-adac-2cc39bd0dfd0

!ENTRY org.eclipse.epp.logging.aeri.ide 2 17 2019-11-22 10:35:36.471
!MESSAGE Server ‘org.eclipse.epp.logging.aeri.ide.server’ failed with exception: java.lang.IllegalStateException: Expected BEGIN_OBJECT but was STRING at line 1 column 1 path $. ; version: 2.0.7.v20170906-1327
!STACK 0
com.google.gson.JsonSyntaxException: java.lang.IllegalStateException: Expected BEGIN_OBJECT but was STRING at line 1 column 1 path $
	at com.google.gson.internal.bind.ReflectiveTypeAdapterFactory$Adapter.read(ReflectiveTypeAdapterFactory.java:224)
	at com.google.gson.Gson.fromJson(Gson.java:887)
	at com.google.gson.Gson.fromJson(Gson.java:852)
	at com.google.gson.Gson.fromJson(Gson.java:801)
	at org.eclipse.epp.internal.logging.aeri.ide.server.json.Json.deserialize(Json.java:91)
	at org.eclipse.epp.internal.logging.aeri.ide.server.mars.IO.refreshConfiguration(IO.java:66)
	at org.eclipse.epp.internal.logging.aeri.ide.server.mars.ServerConnection.startUp(ServerConnection.java:124)
	at com.google.common.util.concurrent.AbstractIdleService$DelegateService$1.run(AbstractIdleService.java:62)
	at com.google.common.util.concurrent.Callables$4.run(Callables.java:122)
	at java.lang.Thread.run(Unknown Source)
Caused by: java.lang.IllegalStateException: Expected BEGIN_OBJECT but was STRING at line 1 column 1 path $
	at com.google.gson.stream.JsonReader.beginObject(JsonReader.java:385)
	at com.google.gson.internal.bind.ReflectiveTypeAdapterFactory$Adapter.read(ReflectiveTypeAdapterFactory.java:213)
	... 9 more
